#
# There is insufficient memory for the Java Runtime Environment to continue.
# Native memory allocation (malloc) failed to allocate 32784 bytes for Chunk::new
# Possible reasons:
#   The system is out of physical RAM or swap space
#   In 32 bit mode, the process size limit was hit
# Possible solutions:
#   Reduce memory load on the system
#   Increase physical memory or swap space
#   Check if swap backing store is full
#   Use 64 bit Java on a 64 bit OS
#   Decrease Java heap size (-Xmx/-Xms)
#   Decrease number of Java threads
#   Decrease Java thread stack sizes (-Xss)
#   Set larger code cache with -XX:ReservedCodeCacheSize=
# This output file may be truncated or incomplete.
#
#  Out of Memory Error (allocation.cpp:390), pid=18668, tid=13452
#
# JRE version: Java(TM) SE Runtime Environment (8.0_74-b02) (build 1.8.0_74-b02)
# Java VM: Java HotSpot(TM) 64-Bit Server VM (25.74-b02 mixed mode windows-amd64 compressed oops)
# Failed to write core dump. Minidumps are not enabled by default on client versions of Windows
#

---------------  T H R E A D  ---------------

Current thread (0x0000000053ada000):  JavaThread "C2 CompilerThread0" daemon [_thread_in_native, id=13452, stack(0x0000000054e10000,0x0000000054f10000)]

Stack: [0x0000000054e10000,0x0000000054f10000]
[error occurred during error reporting (printing stack bounds), id 0xc0000005]

Native frames: (J=compiled Java code, j=interpreted, Vv=VM code, C=native code)


Current CompileTask:
C2:  20704 3465       4       org.fusesource.jansi.AnsiOutputStream::write (535 bytes)


---------------  P R O C E S S  ---------------

Java Threads: ( => current thread )
  0x0000000056b8d000 JavaThread "/127.0.0.1:49341 to /127.0.0.1:49342 workers Thread 3" [_thread_in_native, id=9328, stack(0x0000000056310000,0x0000000056410000)]
  0x0000000056b8c800 JavaThread "/127.0.0.1:49341 to /127.0.0.1:49342 workers Thread 2" [_thread_blocked, id=23524, stack(0x000000005bf50000,0x000000005c050000)]
  0x0000000056b89800 JavaThread "/127.0.0.1:49341 to /127.0.0.1:49342 workers" [_thread_blocked, id=28888, stack(0x00000000561b0000,0x00000000562b0000)]
  0x0000000056b8b800 JavaThread "Forward streams with process: Gradle Test Executor 1 Thread 3" [_thread_in_native, id=14000, stack(0x000000005bc50000,0x000000005bd50000)]
  0x0000000056b8b000 JavaThread "Forward streams with process: Gradle Test Executor 1 Thread 2" [_thread_in_native, id=17704, stack(0x000000005baa0000,0x000000005bba0000)]
  0x0000000056b8a000 JavaThread "Forward streams with process: Gradle Test Executor 1" [_thread_blocked, id=25292, stack(0x000000005b8b0000,0x000000005b9b0000)]
  0x0000000056b88800 JavaThread "Run Gradle Test Executor 1" [_thread_in_native, id=16208, stack(0x000000005b690000,0x000000005b790000)]
  0x0000000056b88000 JavaThread "Incoming local TCP Connector on port 49341" [_thread_blocked, id=13428, stack(0x000000005b570000,0x000000005b670000)]
  0x0000000056b87000 JavaThread "Dispatch org.gradle.api.internal.tasks.testing.processors.RestartEveryNTestClassProcessor@1a43a88e" [_thread_blocked, id=23324, stack(0x000000005b340000,0x000000005b440000)]
  0x0000000056b86800 JavaThread "Dispatch org.gradle.api.internal.tasks.testing.results.AttachParentTestResultProcessor@a120b9" [_thread_blocked, id=20256, stack(0x000000005b200000,0x000000005b300000)]
  0x0000000056b85800 JavaThread "File lock request listener" [_thread_in_native, id=13676, stack(0x000000005a850000,0x000000005a950000)]
  0x0000000055088800 JavaThread "Service Thread" daemon [_thread_blocked, id=15592, stack(0x00000000555d0000,0x00000000556d0000)]
  0x0000000053ae3000 JavaThread "C1 CompilerThread1" daemon [_thread_blocked, id=29380, stack(0x0000000054f80000,0x0000000055080000)]
=>0x0000000053ada000 JavaThread "C2 CompilerThread0" daemon [_thread_in_native, id=13452, stack(0x0000000054e10000,0x0000000054f10000)]
  0x0000000053ad7000 JavaThread "Attach Listener" daemon [_thread_blocked, id=16136, stack(0x0000000054c20000,0x0000000054d20000)]
  0x0000000053ad5800 JavaThread "Signal Dispatcher" daemon [_thread_blocked, id=24256, stack(0x00000000548c0000,0x00000000549c0000)]
  0x0000000053abe000 JavaThread "Finalizer" daemon [_thread_blocked, id=28560, stack(0x0000000054a10000,0x0000000054b10000)]
  0x0000000053a76800 JavaThread "Reference Handler" daemon [_thread_blocked, id=16696, stack(0x0000000054780000,0x0000000054880000)]
  0x000000000275e800 JavaThread "main" [_thread_blocked, id=19400, stack(0x0000000002950000,0x0000000002a50000)]

Other Threads:
  0x0000000053a6c800 VMThread [stack: 0x0000000054530000,0x0000000054630000] [id=7164]
  0x00000000550b1000 WatcherThread [stack: 0x00000000554a0000,0x00000000555a0000] [id=13936]

VM state:not at safepoint (normal execution)

VM Mutex/Monitor currently owned by a thread: None

Heap:
 PSYoungGen      total 94208K, used 13320K [0x00000000f5b80000, 0x00000000fdb80000, 0x0000000100000000)
  eden space 83456K, 15% used [0x00000000f5b80000,0x00000000f6882168,0x00000000fad00000)
  from space 10752K, 0% used [0x00000000fad00000,0x00000000fad00000,0x00000000fb780000)
  to   space 12288K, 0% used [0x00000000fcf80000,0x00000000fcf80000,0x00000000fdb80000)
 ParOldGen       total 49152K, used 23231K [0x00000000e1200000, 0x00000000e4200000, 0x00000000f5b80000)
  object space 49152K, 47% used [0x00000000e1200000,0x00000000e28affa0,0x00000000e4200000)
 Metaspace       used 36189K, capacity 36734K, committed 37080K, reserved 1081344K
  class space    used 5093K, capacity 5276K, committed 5376K, reserved 1048576K

Card table byte_map: [0x0000000002760000,0x0000000002860000] byte_map_base: 0x0000000002057000

Marking Bits: (ParMarkBitMap*) 0x0000000067810600
 Begin Bits: [0x00000000121d0000, 0x0000000012988000)
 End Bits:   [0x0000000012988000, 0x0000000013140000)

Polling page: 0x0000000001d10000

CodeCache: size=245760Kb used=10921Kb max_used=10926Kb free=234838Kb
 bounds [0x0000000002a50000, 0x0000000003500000, 0x0000000011a50000]
 total_blobs=4152 nmethods=3455 adapters=608
 compilation: enabled

Compilation events (10 events):
Event: 18.758 Thread 0x0000000053ae3000 nmethod 3460 0x00000000034fb3d0 code [0x00000000034fb560, 0x00000000034fba48]
Event: 18.758 Thread 0x0000000053ae3000 3463       3       java.lang.ThreadLocal$ThreadLocalMap::getEntry (42 bytes)
Event: 18.759 Thread 0x0000000053ae3000 nmethod 3463 0x00000000034fbb50 code [0x00000000034fbcc0, 0x00000000034fbfa8]
Event: 18.759 Thread 0x0000000053ae3000 3462  s    3       java.io.BufferedOutputStream::flush (12 bytes)
Event: 18.759 Thread 0x0000000053ae3000 nmethod 3462 0x00000000034fc110 code [0x00000000034fc2a0, 0x00000000034fc778]
Event: 18.759 Thread 0x0000000053ae3000 3461   !   3       java.io.PrintStream::flush (35 bytes)
Event: 18.760 Thread 0x0000000053ae3000 nmethod 3461 0x00000000034fc910 code [0x00000000034fcaa0, 0x00000000034fd018]
Event: 18.822 Thread 0x0000000053ada000 3464  s    4       java.io.BufferedOutputStream::write (35 bytes)
Event: 19.824 Thread 0x0000000053ada000 

Event: 19.824 Thread 0x0000000053ada000 3465       4       org.fusesource.jansi.AnsiOutputStream::write (535 bytes)

GC Heap History (10 events):
Event: 3.463 GC heap before
{Heap before GC invocations=9 (full 1):
 PSYoungGen      total 73216K, used 6173K [0x00000000f5b80000, 0x00000000fab80000, 0x0000000100000000)
  eden space 66048K, 0% used [0x00000000f5b80000,0x00000000f5b80000,0x00000000f9c00000)
  from space 7168K, 86% used [0x00000000fa380000,0x00000000fa987670,0x00000000faa80000)
  to   space 7680K, 0% used [0x00000000f9c00000,0x00000000f9c00000,0x00000000fa380000)
 ParOldGen       total 22016K, used 9961K [0x00000000e1200000, 0x00000000e2780000, 0x00000000f5b80000)
  object space 22016K, 45% used [0x00000000e1200000,0x00000000e1bba4a8,0x00000000e2780000)
 Metaspace       used 20920K, capacity 21134K, committed 21248K, reserved 1067008K
  class space    used 2914K, capacity 3006K, committed 3072K, reserved 1048576K
Event: 3.553 GC heap after
Heap after GC invocations=9 (full 1):
 PSYoungGen      total 73216K, used 0K [0x00000000f5b80000, 0x00000000fab80000, 0x0000000100000000)
  eden space 66048K, 0% used [0x00000000f5b80000,0x00000000f5b80000,0x00000000f9c00000)
  from space 7168K, 0% used [0x00000000fa380000,0x00000000fa380000,0x00000000faa80000)
  to   space 7680K, 0% used [0x00000000f9c00000,0x00000000f9c00000,0x00000000fa380000)
 ParOldGen       total 25088K, used 9501K [0x00000000e1200000, 0x00000000e2a80000, 0x00000000f5b80000)
  object space 25088K, 37% used [0x00000000e1200000,0x00000000e1b477e0,0x00000000e2a80000)
 Metaspace       used 20920K, capacity 21134K, committed 21248K, reserved 1067008K
  class space    used 2914K, capacity 3006K, committed 3072K, reserved 1048576K
}
Event: 4.632 GC heap before
{Heap before GC invocations=10 (full 1):
 PSYoungGen      total 73216K, used 66048K [0x00000000f5b80000, 0x00000000fab80000, 0x0000000100000000)
  eden space 66048K, 100% used [0x00000000f5b80000,0x00000000f9c00000,0x00000000f9c00000)
  from space 7168K, 0% used [0x00000000fa380000,0x00000000fa380000,0x00000000faa80000)
  to   space 7680K, 0% used [0x00000000f9c00000,0x00000000f9c00000,0x00000000fa380000)
 ParOldGen       total 25088K, used 9501K [0x00000000e1200000, 0x00000000e2a80000, 0x00000000f5b80000)
  object space 25088K, 37% used [0x00000000e1200000,0x00000000e1b477e0,0x00000000e2a80000)
 Metaspace       used 24092K, capacity 24400K, committed 24832K, reserved 1071104K
  class space    used 3401K, capacity 3495K, committed 3584K, reserved 1048576K
Event: 4.644 GC heap after
Heap after GC invocations=10 (full 1):
 PSYoungGen      total 73728K, used 4720K [0x00000000f5b80000, 0x00000000fbf00000, 0x0000000100000000)
  eden space 66048K, 0% used [0x00000000f5b80000,0x00000000f5b80000,0x00000000f9c00000)
  from space 7680K, 61% used [0x00000000f9c00000,0x00000000fa09c0a8,0x00000000fa380000)
  to   space 7680K, 0% used [0x00000000fb780000,0x00000000fb780000,0x00000000fbf00000)
 ParOldGen       total 25088K, used 9509K [0x00000000e1200000, 0x00000000e2a80000, 0x00000000f5b80000)
  object space 25088K, 37% used [0x00000000e1200000,0x00000000e1b497e0,0x00000000e2a80000)
 Metaspace       used 24092K, capacity 24400K, committed 24832K, reserved 1071104K
  class space    used 3401K, capacity 3495K, committed 3584K, reserved 1048576K
}
Event: 6.639 GC heap before
{Heap before GC invocations=11 (full 1):
 PSYoungGen      total 73728K, used 70768K [0x00000000f5b80000, 0x00000000fbf00000, 0x0000000100000000)
  eden space 66048K, 100% used [0x00000000f5b80000,0x00000000f9c00000,0x00000000f9c00000)
  from space 7680K, 61% used [0x00000000f9c00000,0x00000000fa09c0a8,0x00000000fa380000)
  to   space 7680K, 0% used [0x00000000fb780000,0x00000000fb780000,0x00000000fbf00000)
 ParOldGen       total 25088K, used 9509K [0x00000000e1200000, 0x00000000e2a80000, 0x00000000f5b80000)
  object space 25088K, 37% used [0x00000000e1200000,0x00000000e1b497e0,0x00000000e2a80000)
 Metaspace       used 30779K, capacity 31236K, committed 31488K, reserved 1077248K
  class space    used 4353K, capacity 4508K, committed 4608K, reserved 1048576K
Event: 6.673 GC heap after
Heap after GC invocations=11 (full 1):
 PSYoungGen      total 91136K, used 7678K [0x00000000f5b80000, 0x00000000fc400000, 0x0000000100000000)
  eden space 83456K, 0% used [0x00000000f5b80000,0x00000000f5b80000,0x00000000fad00000)
  from space 7680K, 99% used [0x00000000fb780000,0x00000000fbeff870,0x00000000fbf00000)
  to   space 10752K, 0% used [0x00000000fad00000,0x00000000fad00000,0x00000000fb780000)
 ParOldGen       total 25088K, used 14874K [0x00000000e1200000, 0x00000000e2a80000, 0x00000000f5b80000)
  object space 25088K, 59% used [0x00000000e1200000,0x00000000e2086918,0x00000000e2a80000)
 Metaspace       used 30779K, capacity 31236K, committed 31488K, reserved 1077248K
  class space    used 4353K, capacity 4508K, committed 4608K, reserved 1048576K
}
Event: 8.406 GC heap before
{Heap before GC invocations=12 (full 1):
 PSYoungGen      total 91136K, used 52283K [0x00000000f5b80000, 0x00000000fc400000, 0x0000000100000000)
  eden space 83456K, 53% used [0x00000000f5b80000,0x00000000f870f5d8,0x00000000fad00000)
  from space 7680K, 99% used [0x00000000fb780000,0x00000000fbeff870,0x00000000fbf00000)
  to   space 10752K, 0% used [0x00000000fad00000,0x00000000fad00000,0x00000000fb780000)
 ParOldGen       total 25088K, used 14874K [0x00000000e1200000, 0x00000000e2a80000, 0x00000000f5b80000)
  object space 25088K, 59% used [0x00000000e1200000,0x00000000e2086918,0x00000000e2a80000)
 Metaspace       used 34705K, capacity 35154K, committed 35416K, reserved 1079296K
  class space    used 4884K, capacity 4970K, committed 4992K, reserved 1048576K
Event: 8.429 GC heap after
Heap after GC invocations=12 (full 1):
 PSYoungGen      total 94208K, used 10480K [0x00000000f5b80000, 0x00000000fdb80000, 0x0000000100000000)
  eden space 83456K, 0% used [0x00000000f5b80000,0x00000000f5b80000,0x00000000fad00000)
  from space 10752K, 97% used [0x00000000fad00000,0x00000000fb73c128,0x00000000fb780000)
  to   space 12288K, 0% used [0x00000000fcf80000,0x00000000fcf80000,0x00000000fdb80000)
 ParOldGen       total 25088K, used 16054K [0x00000000e1200000, 0x00000000e2a80000, 0x00000000f5b80000)
  object space 25088K, 63% used [0x00000000e1200000,0x00000000e21ad928,0x00000000e2a80000)
 Metaspace       used 34705K, capacity 35154K, committed 35416K, reserved 1079296K
  class space    used 4884K, capacity 4970K, committed 4992K, reserved 1048576K
}
Event: 8.429 GC heap before
{Heap before GC invocations=13 (full 2):
 PSYoungGen      total 94208K, used 10480K [0x00000000f5b80000, 0x00000000fdb80000, 0x0000000100000000)
  eden space 83456K, 0% used [0x00000000f5b80000,0x00000000f5b80000,0x00000000fad00000)
  from space 10752K, 97% used [0x00000000fad00000,0x00000000fb73c128,0x00000000fb780000)
  to   space 12288K, 0% used [0x00000000fcf80000,0x00000000fcf80000,0x00000000fdb80000)
 ParOldGen       total 25088K, used 16054K [0x00000000e1200000, 0x00000000e2a80000, 0x00000000f5b80000)
  object space 25088K, 63% used [0x00000000e1200000,0x00000000e21ad928,0x00000000e2a80000)
 Metaspace       used 34705K, capacity 35154K, committed 35416K, reserved 1079296K
  class space    used 4884K, capacity 4970K, committed 4992K, reserved 1048576K
Event: 8.681 GC heap after
Heap after GC invocations=13 (full 2):
 PSYoungGen      total 94208K, used 0K [0x00000000f5b80000, 0x00000000fdb80000, 0x0000000100000000)
  eden space 83456K, 0% used [0x00000000f5b80000,0x00000000f5b80000,0x00000000fad00000)
  from space 10752K, 0% used [0x00000000fad00000,0x00000000fad00000,0x00000000fb780000)
  to   space 12288K, 0% used [0x00000000fcf80000,0x00000000fcf80000,0x00000000fdb80000)
 ParOldGen       total 49152K, used 23231K [0x00000000e1200000, 0x00000000e4200000, 0x00000000f5b80000)
  object space 49152K, 47% used [0x00000000e1200000,0x00000000e28affa0,0x00000000e4200000)
 Metaspace       used 34705K, capacity 35154K, committed 35416K, reserved 1079296K
  class space    used 4884K, capacity 4970K, committed 4992K, reserved 1048576K
}

Deoptimization events (10 events):
Event: 3.942 Thread 0x000000000275e800 Uncommon trap: reason=unstable_if action=reinterpret pc=0x0000000002d9a454 method=java.util.HashMap.resize()[Ljava/util/HashMap$Node; @ 206
Event: 5.254 Thread 0x000000000275e800 Uncommon trap: reason=bimorphic action=maybe_recompile pc=0x0000000002faefb4 method=java.io.DataOutputStream.write([BII)V @ 7
Event: 5.255 Thread 0x000000000275e800 Uncommon trap: reason=bimorphic action=maybe_recompile pc=0x0000000002faefb4 method=java.io.DataOutputStream.write([BII)V @ 7
Event: 5.906 Thread 0x000000000275e800 Uncommon trap: reason=unstable_if action=reinterpret pc=0x0000000002d33c90 method=java.io.WinNTFileSystem.normalize(Ljava/lang/String;II)Ljava/lang/String; @ 103
Event: 6.743 Thread 0x000000000275e800 Uncommon trap: reason=bimorphic action=maybe_recompile pc=0x0000000002faefb4 method=java.io.DataOutputStream.write([BII)V @ 7
Event: 6.743 Thread 0x000000000275e800 Uncommon trap: reason=bimorphic action=maybe_recompile pc=0x0000000002faefb4 method=java.io.DataOutputStream.write([BII)V @ 7
Event: 8.698 Thread 0x0000000056b87000 Uncommon trap: reason=null_check action=make_not_entrant pc=0x000000000325b604 method=java.lang.StringCoding.decode(Ljava/lang/String;[BII)[C @ 6
Event: 8.740 Thread 0x0000000056b87000 Uncommon trap: reason=unstable_if action=reinterpret pc=0x000000000300e9ac method=java.lang.Class.arrayContentsEq([Ljava/lang/Object;[Ljava/lang/Object;)Z @ 1
Event: 17.755 Thread 0x0000000056b8b800 Uncommon trap: reason=unstable_if action=reinterpret pc=0x000000000324fa34 method=java.lang.ThreadLocal$ThreadLocalMap.getEntry(Ljava/lang/ThreadLocal;)Ljava/lang/ThreadLocal$ThreadLocalMap$Entry; @ 29
Event: 18.756 Thread 0x0000000056b8b000 Uncommon trap: reason=unstable_if action=reinterpret pc=0x000000000325a70c method=java.lang.ThreadLocal$ThreadLocalMap.getEntry(Ljava/lang/ThreadLocal;)Ljava/lang/ThreadLocal$ThreadLocalMap$Entry; @ 29

Internal exceptions (10 events):
Event: 7.888 Thread 0x000000000275e800 Exception <a 'java/lang/ClassNotFoundException': org/gradle/api/reporting/ReportingExtensionCustomizer> (0x00000000f7d39578) thrown at [C:\re\workspace\8-2-build-windows-amd64-cygwin\jdk8u74\6087\hotspot\src\share\vm\classfile\systemDictionary.cpp, line 21˜?yÃ’ç@
Event: 7.889 Thread 0x000000000275e800 Exception <a 'java/lang/ClassNotFoundException': org/gradle/api/reporting/ReportingExtension_DecoratedCustomizer> (0x00000000f7d5c830) thrown at [C:\re\workspace\8-2-build-windows-amd64-cygwin\jdk8u74\6087\hotspot\src\share\vm\classfile\systemDictionary.cpõß(Ée!@
Event: 8.698 Thread 0x0000000056b87000 Implicit null exception at 0x000000000325afc0 to 0x000000000325b5e9
Event: 8.737 Thread 0x0000000056b87000 Exception <a 'java/lang/NoSuchMethodError': <clinit>> (0x00000000f5ec04e0) thrown at [C:\re\workspace\8-2-build-windows-amd64-cygwin\jdk8u74\6087\hotspot\src\share\vm\prims\jni.cpp, line 1591]
Event: 8.738 Thread 0x0000000056b87000 Exception <a 'java/lang/NoSuchMethodError': <clinit>> (0x00000000f5eca928) thrown at [C:\re\workspace\8-2-build-windows-amd64-cygwin\jdk8u74\6087\hotspot\src\share\vm\prims\jni.cpp, line 1591]
Event: 8.739 Thread 0x0000000056b87000 Exception <a 'java/lang/NoSuchMethodError': <clinit>> (0x00000000f5ed59b0) thrown at [C:\re\workspace\8-2-build-windows-amd64-cygwin\jdk8u74\6087\hotspot\src\share\vm\prims\jni.cpp, line 1591]
Event: 8.740 Thread 0x0000000056b87000 Implicit null exception at 0x000000000300e724 to 0x000000000300e99d
Event: 8.746 Thread 0x0000000056b87000 Exception <a 'java/lang/NoSuchMethodError': <clinit>> (0x00000000f5eed4d0) thrown at [C:\re\workspace\8-2-build-windows-amd64-cygwin\jdk8u74\6087\hotspot\src\share\vm\prims\jni.cpp, line 1591]
Event: 10.162 Thread 0x0000000056b87000 Exception <a 'java/lang/NoSuchMethodError': java.lang.invoke.MethodHandleImpl.array(Ljava/lang/Object;Ljava/lang/Object;Ljava/lang/Object;Ljava/lang/Object;Ljava/lang/Object;Ljava/lang/Object;Ljava/lang/Object;Ljava/lang/Object;Ljava/lang/Object;Ljava/lang
Event: 10.172 Thread 0x0000000056b87000 Exception <a 'java/lang/NoSuchFieldError': method resolution failed> (0x00000000f6605910) thrown at [C:\re\workspace\8-2-build-windows-amd64-cygwin\jdk8u74\6087\hotspot\src\share\vm\prims\methodHandles.cpp, line 1146]

Events (10 events):
Event: 10.240 loading class java/nio/channels/spi/AbstractSelector$1
Event: 10.240 loading class java/nio/channels/spi/AbstractSelector$1 done
Event: 10.744 loading class org/gradle/api/internal/tasks/testing/junit/result/TestMethodResult
Event: 10.744 loading class org/gradle/api/internal/tasks/testing/junit/result/TestMethodResult done
Event: 17.755 Thread 0x0000000056b8b800 Uncommon trap: trap_request=0xffffff65 fr.pc=0x000000000324fa34
Event: 17.755 Thread 0x0000000056b8b800 DEOPT PACKING pc=0x000000000324fa34 sp=0x000000005bd4db00
Event: 17.755 Thread 0x0000000056b8b800 DEOPT UNPACKING pc=0x0000000002a9582a sp=0x000000005bd4d9c8 mode 2
Event: 18.756 Thread 0x0000000056b8b000 Uncommon trap: trap_request=0xffffff65 fr.pc=0x000000000325a70c
Event: 18.756 Thread 0x0000000056b8b000 DEOPT PACKING pc=0x000000000325a70c sp=0x000000005bb9dd30
Event: 18.756 Thread 0x0000000056b8b000 DEOPT UNPACKING pc=0x0000000002a9582a sp=0x000000005bb9dcc0 mode 2


Dynamic libraries:
0x000000013fa80000 - 0x000000013fab7000 	C:\ProgramData\Oracle\Java\javapath\java.exe
0x0000000077480000 - 0x0000000077629000 	C:\Windows\SYSTEM32\ntdll.dll
0x0000000077260000 - 0x000000007737f000 	C:\Windows\system32\kernel32.dll
0x000007fefd500000 - 0x000007fefd56b000 	C:\Windows\system32\KERNELBASE.dll
0x000007fefd9b0000 - 0x000007fefda8b000 	C:\Windows\system32\ADVAPI32.dll
0x000007feff470000 - 0x000007feff50f000 	C:\Windows\system32\msvcrt.dll
0x000007feff510000 - 0x000007feff52f000 	C:\Windows\SYSTEM32\sechost.dll
0x000007fefdd50000 - 0x000007fefde7d000 	C:\Windows\system32\RPCRT4.dll
0x0000000077380000 - 0x000000007747a000 	C:\Windows\system32\USER32.dll
0x000007feff3e0000 - 0x000007feff447000 	C:\Windows\system32\GDI32.dll
0x000007feff710000 - 0x000007feff71e000 	C:\Windows\system32\LPK.dll
0x000007feff110000 - 0x000007feff1d9000 	C:\Windows\system32\USP10.dll
0x000007fefbc10000 - 0x000007fefbe04000 	C:\Windows\WinSxS\amd64_microsoft.windows.common-controls_6595b64144ccf1df_6.0.7601.17514_none_fa396087175ac9ac\COMCTL32.dll
0x000007fefe0e0000 - 0x000007fefe151000 	C:\Windows\system32\SHLWAPI.dll
0x000007fefe240000 - 0x000007fefe26e000 	C:\Windows\system32\IMM32.DLL
0x000007feff000000 - 0x000007feff109000 	C:\Windows\system32\MSCTF.dll
0x000000007e110000 - 0x000000007e196000 	C:\Users\Anik\Downloads\vendor\conemu-maximus5\ConEmu\ConEmuHk64.dll
0x000000006f3b0000 - 0x000000006f482000 	C:\Program Files\Java\jre1.8.0_74\bin\msvcr100.dll
0x0000000067000000 - 0x0000000067890000 	C:\Program Files\Java\jre1.8.0_74\bin\server\jvm.dll
0x000007fef5280000 - 0x000007fef5289000 	C:\Windows\system32\WSOCK32.dll
0x000007fefdd00000 - 0x000007fefdd4d000 	C:\Windows\system32\WS2_32.dll
0x000007feff780000 - 0x000007feff788000 	C:\Windows\system32\NSI.dll
0x000007fefa1a0000 - 0x000007fefa1db000 	C:\Windows\system32\WINMM.dll
0x000007fefc350000 - 0x000007fefc35c000 	C:\Windows\system32\VERSION.dll
0x0000000077650000 - 0x0000000077657000 	C:\Windows\system32\PSAPI.DLL
0x000000006f560000 - 0x000000006f56f000 	C:\Program Files\Java\jre1.8.0_74\bin\verify.dll
0x000000006f530000 - 0x000000006f559000 	C:\Program Files\Java\jre1.8.0_74\bin\java.dll
0x000000006f510000 - 0x000000006f526000 	C:\Program Files\Java\jre1.8.0_74\bin\zip.dll
0x000007fefe270000 - 0x000007fefeff8000 	C:\Windows\system32\SHELL32.dll
0x000007fefd7a0000 - 0x000007fefd9a3000 	C:\Windows\system32\ole32.dll
0x000007fefd3d0000 - 0x000007fefd3df000 	C:\Windows\system32\profapi.dll
0x000000006f4f0000 - 0x000000006f50a000 	C:\Program Files\Java\jre1.8.0_74\bin\net.dll
0x000007fefcc00000 - 0x000007fefcc55000 	C:\Windows\system32\mswsock.dll
0x000007fefcbf0000 - 0x000007fefcbf7000 	C:\Windows\System32\wship6.dll
0x000000006f4d0000 - 0x000000006f4e1000 	C:\Program Files\Java\jre1.8.0_74\bin\nio.dll
0x000007fef68c0000 - 0x000007fef68d2000 	C:\Users\Anik\.gradle\native\19\windows-amd64\native-platform.dll
0x0000000180000000 - 0x0000000180037000 	C:\Users\Anik\.gradle\native\jna\win32-amd64\jnidispatch.dll
0x000007fefcc60000 - 0x000007fefcc77000 	C:\Windows\system32\CRYPTSP.dll
0x000007fefc960000 - 0x000007fefc9a7000 	C:\Windows\system32\rsaenh.dll
0x000007fefc710000 - 0x000007fefc72e000 	C:\Windows\system32\USERENV.dll
0x000007fefd2c0000 - 0x000007fefd2cf000 	C:\Windows\system32\CRYPTBASE.dll
0x000007fefb310000 - 0x000007fefb337000 	C:\Windows\system32\IPHLPAPI.DLL
0x000007fefb2f0000 - 0x000007fefb2fb000 	C:\Windows\system32\WINNSI.DLL
0x000007fefb100000 - 0x000007fefb111000 	C:\Windows\system32\dhcpcsvc6.DLL
0x000007fefb0e0000 - 0x000007fefb0f8000 	C:\Windows\system32\dhcpcsvc.DLL
0x000000006f3a0000 - 0x000000006f3ad000 	C:\Program Files\Java\jre1.8.0_74\bin\management.dll
0x000007fefd260000 - 0x000007fefd2b7000 	C:\Windows\system32\apphelp.dll

VM Arguments:
jvm_args: -Dorg.gradle.appname=gradlew 
java_command: org.gradle.wrapper.GradleWrapperMain test
java_class_path (initial): F:\wdsr\exercise2\\gradle\wrapper\gradle-wrapper.jar
Launcher Type: SUN_STANDARD

Environment Variables:
CLASSPATH=F:\wdsr\exercise2\\gradle\wrapper\gradle-wrapper.jar
PATH=C:\Users\Anik\Downloads\bin;C:\Users\Anik\Downloads\vendor\git-for-windows\bin;C:\Users\Anik\Downloads\vendor\git-for-windows\usr\bin;C:\Users\Anik\Downloads\vendor\git-for-windows\share\vim\vim74;C:\Users\Anik\Downloads\vendor\conemu-maximus5;C:\Users\Anik\Downloads\vendor\conemu-maximus5\ConEmu;C:\ProgramData\Oracle\Java\javapath;C:\Windows\system32;C:\Windows;C:\Windows\System32\Wbem;C:\Windows\System32\WindowsPowerShell\v1.0\;C:\Program Files\Java\jdk1.8.0_74\bin;C:\Users\Anik\Downloads
USERNAME=Anik
OS=Windows_NT
PROCESSOR_IDENTIFIER=Intel64 Family 6 Model 37 Stepping 5, GenuineIntel



---------------  S Y S T E M  ---------------

OS: Windows 7 , 64 bit Build 7601 (6.1.7601.17514)

CPU:total 2 (2 cores per cpu, 1 threads per core) family 6 model 37 stepping 5, cmov, cx8, fxsr, mmx, sse, sse2, sse3, ssse3, popcnt, tsc, tscinvbit

Memory: 4k page, physical 2022208k(201152k free), swap 4704160k(496108k free)

vm_info: Java HotSpot(TM) 64-Bit Server VM (25.74-b02) for windows-amd64 JRE (1.8.0_74-b02), built on Jan 29 2016 17:42:36 by "java_re" with MS VC++ 10.0 (VS2010)

time: Sat Mar 19 10:11:53 2016
elapsed time: 20 seconds (0d 0h 0m 20s)

